<?xml version="1.0" encoding="UTF-8"?>
<testsuite xmlns:xsi="http://www.w3.org/2001/XMLSchema-instance" xsi:noNamespaceSchemaLocation="https://maven.apache.org/surefire/maven-surefire-plugin/xsd/surefire-test-report-3.0.xsd" version="3.0" name="TestSuite" time="123.13" tests="7" errors="0" skipped="0" failures="0">
  <properties>
[...]
</properties>
  <testcase name="runScenario[&quot;To check invalid data registration&quot;, &quot;User Registration&quot;](1)" classname="com.BunnyCart.TestRunner.BunnyCartDemo1" time="17.327">
    <system-out><![CDATA[
Scenario: To check invalid data registration                                       # src/test/resources/com/BunnyCart/Feature/1_CreateAccount.feature:8
  Given User opens the Browser                                                     # com.BunnyCart.StepDefinition.Scenario1.user_opens_the_browser()
  And User navigates to the "https://www.bunnycart.com/" webpage to open home page # com.BunnyCart.StepDefinition.Scenario1.user_navigates_to_the_webpage_to_open_home_page(java.lang.String)
  And User click on create account button                                          # com.BunnyCart.StepDefinition.Scenario1.user_click_on_create_account_button()
  And User enters '<First name>' the First name                                    # com.BunnyCart.StepDefinition.Scenario1.user_enters_the_first_name(java.lang.String)
  And User enters '<Last name>' the Last name                                      # com.BunnyCart.StepDefinition.Scenario1.user_enters_the_last_name(java.lang.String)
  And User enters '<Email>' the email                                              # com.BunnyCart.StepDefinition.Scenario1.user_enters_the_email(java.lang.String)
  And User enter '<Password>' the password                                         # com.BunnyCart.StepDefinition.Scenario1.user_enter_the_password(java.lang.String)
  And User enter Invalid '<Confirm Password>' the confirm Password                 # com.BunnyCart.StepDefinition.Scenario1.user_enter_invalid_the_confirm_password(java.lang.String)
  And User enter '<WhastsUp Number>' the whatsup Number                            # com.BunnyCart.StepDefinition.Scenario1.user_enter_the_whatsup_number(java.lang.String)
  And User click on the create an Account button                                   # com.BunnyCart.StepDefinition.Scenario1.user_click_on_the_create_an_account_button()
Error message displayed
  Then User verify an error message                                                # com.BunnyCart.StepDefinition.Scenario1.user_verify_an_error_message()
  And User closes the browser                                                      # com.BunnyCart.StepDefinition.Scenario1.user_closes_the_browser()
]]></system-out>
    <system-err><![CDATA[SLF4J: Failed to load class "org.slf4j.impl.StaticLoggerBinder".
SLF4J: Defaulting to no-operation (NOP) logger implementation
SLF4J: See http://www.slf4j.org/codes.html#StaticLoggerBinder for further details.
Mar 26, 2025 10:29:44 AM org.openqa.selenium.devtools.CdpVersionFinder findNearestMatch
WARNING: Unable to find an exact match for CDP version 134, returning the closest version; found: 133; Please update to a Selenium version that supports CDP version 134
]]></system-err>
  </testcase>
  <testcase name="runScenario[&quot;To check User registration with valid data&quot;, &quot;User Registration&quot;](2)" classname="com.BunnyCart.TestRunner.BunnyCartDemo1" time="13.106">
    <system-out><![CDATA[
Scenario Outline: To check User registration with valid data                       # src/test/resources/com/BunnyCart/Feature/1_CreateAccount.feature:32
  Given User opens the Browser                                                     # com.BunnyCart.StepDefinition.Scenario1.user_opens_the_browser()
  And User navigates to the "https://www.bunnycart.com/" webpage to open home page # com.BunnyCart.StepDefinition.Scenario1.user_navigates_to_the_webpage_to_open_home_page(java.lang.String)
  And User click on create account button                                          # com.BunnyCart.StepDefinition.Scenario1.user_click_on_create_account_button()
  And User enters 'Sathwika' the First name                                        # com.BunnyCart.StepDefinition.Scenario1.user_enters_the_first_name(java.lang.String)
  And User enters 'Pagadam' the Last name                                          # com.BunnyCart.StepDefinition.Scenario1.user_enters_the_last_name(java.lang.String)
  And User enters 'pagadamsathwika@gmail.com' the email                            # com.BunnyCart.StepDefinition.Scenario1.user_enters_the_email(java.lang.String)
  And User enter 'Sathwika@123' the password                                       # com.BunnyCart.StepDefinition.Scenario1.user_enter_the_password(java.lang.String)
  And User enter  'Sathwika@123' the confirm Password                              # com.BunnyCart.StepDefinition.Scenario1.user_enter_the_confirm_password(java.lang.String)
  And User enter '<WhastsUp Number>' the whatsup Number                            # com.BunnyCart.StepDefinition.Scenario1.user_enter_the_whatsup_number(java.lang.String)
  And User click on the create an Account button                                   # com.BunnyCart.StepDefinition.Scenario1.user_click_on_the_create_an_account_button()
Error message displayed
  Then User verify an error message                                                # com.BunnyCart.StepDefinition.Scenario1.user_verify_an_error_message()
  And User closes the browser                                                      # com.BunnyCart.StepDefinition.Scenario1.user_closes_the_browser()
]]></system-out>
    <system-err><![CDATA[Mar 26, 2025 10:30:00 AM org.openqa.selenium.devtools.CdpVersionFinder findNearestMatch
WARNING: Unable to find an exact match for CDP version 134, returning the closest version; found: 133; Please update to a Selenium version that supports CDP version 134
]]></system-err>
  </testcase>
  <testcase name="runScenario[&quot;To check Sign in and serch for product and Add to cart&quot;, &quot;Unknown&quot;](1)" classname="com.BunnyCart.TestRunner.BunnyCartDemo2" time="22.435">
    <system-out><![CDATA[
Scenario: To check Sign in and serch for product and Add to cart                   # src/test/resources/com/BunnyCart/Feature/2_SignIn_AddtoCart.feature:19
  Given User opens the Browser                                                     # com.BunnyCart.StepDefinition.Scenario1.user_opens_the_browser()
  And User navigates to the "https://www.bunnycart.com/" webpage to open home page # com.BunnyCart.StepDefinition.Scenario1.user_navigates_to_the_webpage_to_open_home_page(java.lang.String)
  And User clicks on sign in                                                       # com.BunnyCart.StepDefinition.Scenario2.user_clicks_on_sign_in()
  And User enter 'pagadamsathwika@gmail' the email                                 # com.BunnyCart.StepDefinition.Scenario2.user_enter_the_email(java.lang.String)
  And User enters 'Sathwika@123' the password                                      # com.BunnyCart.StepDefinition.Scenario2.user_enters_the_password(java.lang.String)
  And User clicks on sign in button                                                # com.BunnyCart.StepDefinition.Scenario2.user_clicks_on_sign_in_button()
  And User clicks on into mark                                                     # com.BunnyCart.StepDefinition.Scenario2.user_clicks_on_into_mark()
  When User Search for a product "Dwarf hairgrass" in search textbox               # com.BunnyCart.StepDefinition.Scenario2.user_search_for_a_product_in_search_textbox(java.lang.String)
  And User select product from the search results                                  # com.BunnyCart.StepDefinition.Scenario2.user_select_product_from_the_search_results()
  And User click type of the product                                               # com.BunnyCart.StepDefinition.Scenario2.user_click_type_of_the_product()
  And User click on Add to cart                                                    # com.BunnyCart.StepDefinition.Scenario2.user_click_on_add_to_cart()
Element added to cart successfully
  And User verify that the product is added to the cart message                    # com.BunnyCart.StepDefinition.Scenario2.user_verify_that_the_product_is_added_to_the_cart_message()
  And User closes the Browser                                                      # com.BunnyCart.StepDefinition.Scenario2.user_closes_the_browser()
]]></system-out>
    <system-err><![CDATA[Mar 26, 2025 10:30:13 AM org.openqa.selenium.devtools.CdpVersionFinder findNearestMatch
WARNING: Unable to find an exact match for CDP version 134, returning the closest version; found: 133; Please update to a Selenium version that supports CDP version 134
]]></system-err>
  </testcase>
  <testcase name="runScenario[&quot;To check Sign in with invalid data&quot;, &quot;Unknown&quot;](1)" classname="com.BunnyCart.TestRunner.BunnyCartDemo3" time="9.967">
    <system-out><![CDATA[
Scenario: To check Sign in with invalid data                                       # src/test/resources/com/BunnyCart/Feature/3_SignIn_Valid_Invalid.feature:2
  Given User opens the Browser                                                     # com.BunnyCart.StepDefinition.Scenario1.user_opens_the_browser()
  And User navigates to the "https://www.bunnycart.com/" webpage to open home page # com.BunnyCart.StepDefinition.Scenario1.user_navigates_to_the_webpage_to_open_home_page(java.lang.String)
  And User clicks on sign in                                                       # com.BunnyCart.StepDefinition.Scenario2.user_clicks_on_sign_in()
  And User enters invalid '<Email>' email                                          # com.BunnyCart.StepDefinition.Scenario3.user_enters_invalid_email(java.lang.String)
  And User enters invalid '<Password>' password                                    # com.BunnyCart.StepDefinition.Scenario3.user_enters_invalid_password(java.lang.String)
  And User click on sign in button                                                 # com.BunnyCart.StepDefinition.Scenario3.user_click_on_sign_in_button()
  And User close the Browser                                                       # com.BunnyCart.StepDefinition.Scenario3.user_close_the_browser()
]]></system-out>
    <system-err><![CDATA[Mar 26, 2025 10:30:36 AM org.openqa.selenium.devtools.CdpVersionFinder findNearestMatch
WARNING: Unable to find an exact match for CDP version 134, returning the closest version; found: 133; Please update to a Selenium version that supports CDP version 134
]]></system-err>
  </testcase>
  <testcase name="runScenario[&quot;To check sign in with valid  data&quot;, &quot;Unknown&quot;](2)" classname="com.BunnyCart.TestRunner.BunnyCartDemo3" time="9.093">
    <system-out><![CDATA[
Scenario Outline: To check sign in with valid  data                                # src/test/resources/com/BunnyCart/Feature/3_SignIn_Valid_Invalid.feature:22
  Given User opens the Browser                                                     # com.BunnyCart.StepDefinition.Scenario1.user_opens_the_browser()
  And User navigates to the "https://www.bunnycart.com/" webpage to open home page # com.BunnyCart.StepDefinition.Scenario1.user_navigates_to_the_webpage_to_open_home_page(java.lang.String)
  And User clicks on sign in                                                       # com.BunnyCart.StepDefinition.Scenario2.user_clicks_on_sign_in()
  And User enters valid 'pagadamsathwika@gmail.com' email                          # com.BunnyCart.StepDefinition.Scenario3.user_enters_valid_email(java.lang.String)
  And User enters valid 'Sathwika@123' password                                    # com.BunnyCart.StepDefinition.Scenario3.user_enters_valid_password(java.lang.String)
  And User click on sign in button                                                 # com.BunnyCart.StepDefinition.Scenario3.user_click_on_sign_in_button()
  And User close the Browser                                                       # com.BunnyCart.StepDefinition.Scenario3.user_close_the_browser()
]]></system-out>
    <system-err><![CDATA[Mar 26, 2025 10:30:45 AM org.openqa.selenium.devtools.CdpVersionFinder findNearestMatch
WARNING: Unable to find an exact match for CDP version 134, returning the closest version; found: 133; Please update to a Selenium version that supports CDP version 134
]]></system-err>
  </testcase>
  <testcase name="runScenario[&quot;Add Multiple Products to cart&quot;, &quot;Unknown&quot;](1)" classname="com.BunnyCart.TestRunner.BunnyCartDemo4" time="27.45">
    <system-out><![CDATA[
Scenario: Add Multiple Products to cart                                            # src/test/resources/com/BunnyCart/Feature/4_MultipleProducts_AddToCart.feature:20
  Given User opens the Browser                                                     # com.BunnyCart.StepDefinition.Scenario1.user_opens_the_browser()
  And User navigates to the "https://www.bunnycart.com/" webpage to open home page # com.BunnyCart.StepDefinition.Scenario1.user_navigates_to_the_webpage_to_open_home_page(java.lang.String)
  And User clicks on sign in                                                       # com.BunnyCart.StepDefinition.Scenario2.user_clicks_on_sign_in()
  And User enters valid 'pagadamsathwika@gmail.com' email                          # com.BunnyCart.StepDefinition.Scenario3.user_enters_valid_email(java.lang.String)
  And User enters valid 'Sathwika@123' password                                    # com.BunnyCart.StepDefinition.Scenario3.user_enters_valid_password(java.lang.String)
  And User click on sign in button                                                 # com.BunnyCart.StepDefinition.Scenario3.user_click_on_sign_in_button()
  When User Search for a product1 "Dwarf hairgrass" in search textbox              # com.BunnyCart.StepDefinition.Scenario4.user_search_for_a_product1_in_search_textbox(java.lang.String)
  And User select product1 from the search results                                 # com.BunnyCart.StepDefinition.Scenario4.user_select_product1_from_the_search_results()
  And User click type of the product1                                              # com.BunnyCart.StepDefinition.Scenario4.user_click_type_of_the_product1()
  And User click on Add to cart for product1                                       # com.BunnyCart.StepDefinition.Scenario4.user_click_on_add_to_cart_for_product1()
  When User Search for product2 "Money Plant" in search textbox                    # com.BunnyCart.StepDefinition.Scenario4.user_search_for_product2_in_search_textbox(java.lang.String)
Click Product Type2: org.openqa.selenium.ElementClickInterceptedException: element click intercepted: Element <div class="swatch-option text disabled" id="option-label-type-200-item-5466" index="0" aria-checked="false" aria-describedby="option-label-type-200" tabindex="0" data-option-type="0" data-option-id="5466" data-option-label="..." aria-label="Marble Prince" role="option" data-thumb-width="110" data-thumb-height="90" data-option-tooltip-value="Marble Prince" disabled="disabled">Marble Prince</div> is not clickable at point (704, 530). Other element would receive the click: <div aria-activedescendant="" tabindex="0" aria-invalid="false" aria-required="true" role="listbox" aria-labelledby="option-label-type-200" class="swatch-attribute-options clearfix">...</div>
  (Session info: chrome=134.0.6998.166)
Build info: version: '4.29.0', revision: '5fc1ec94cb'
System info: os.name: 'Windows 11', os.arch: 'amd64', os.version: '10.0', java.version: '17.0.7'
Driver info: org.openqa.selenium.chrome.ChromeDriver
Command: [593d3c385019b403163312143dea2b36, clickElement {id=f.5CFBD7E0776F7BA772D23095322E9CA5.d.FEA21AF05298479D406414ADC1846491.e.735}]
Capabilities {acceptInsecureCerts: false, browserName: chrome, browserVersion: 134.0.6998.166, chrome: {chromedriverVersion: 134.0.6998.165 (fd886e2cb29..., userDataDir: C:\Users\Sathwika\AppData\L...}, fedcm:accounts: true, goog:chromeOptions: {debuggerAddress: localhost:55569}, networkConnectionEnabled: false, pageLoadStrategy: normal, platformName: windows, proxy: Proxy(), se:cdp: ws://localhost:55569/devtoo..., se:cdpVersion: 134.0.6998.166, setWindowRect: true, strictFileInteractability: false, timeouts: {implicit: 0, pageLoad: 300000, script: 30000}, unhandledPromptBehavior: dismiss and notify, webauthn:extension:credBlob: true, webauthn:extension:largeBlob: true, webauthn:extension:minPinLength: true, webauthn:extension:prf: true, webauthn:virtualAuthenticators: true}
Element: [[ChromeDriver: chrome on windows (593d3c385019b403163312143dea2b36)] -> xpath: /html/body/div[2]/main/div[2]/div[1]/div[3]/div[6]/form/div[1]/div/div/div/div/div[1]]
Session ID: 593d3c385019b403163312143dea2b36
  And User click type of the product2                                              # com.BunnyCart.StepDefinition.Scenario4.user_click_type_of_the_product2()
  And User click on Add to cart for product2                                       # com.BunnyCart.StepDefinition.Scenario4.user_click_on_add_to_cart_for_product2()
  And User closes the Browser                                                      # com.BunnyCart.StepDefinition.Scenario2.user_closes_the_browser()
]]></system-out>
    <system-err><![CDATA[Mar 26, 2025 10:30:54 AM org.openqa.selenium.devtools.CdpVersionFinder findNearestMatch
WARNING: Unable to find an exact match for CDP version 134, returning the closest version; found: 133; Please update to a Selenium version that supports CDP version 134
]]></system-err>
  </testcase>
  <testcase name="runScenario[&quot;To check User click on sign out&quot;, &quot;Unknown&quot;](1)" classname="com.BunnyCart.TestRunner.BunnyCartDemo5" time="17.256">
    <system-out><![CDATA[
Scenario: To check User click on sign out                                          # src/test/resources/com/BunnyCart/Feature/5_SignOut.feature:14
  Given User opens the Browser                                                     # com.BunnyCart.StepDefinition.Scenario1.user_opens_the_browser()
  And User navigates to the "https://www.bunnycart.com/" webpage to open home page # com.BunnyCart.StepDefinition.Scenario1.user_navigates_to_the_webpage_to_open_home_page(java.lang.String)
  And User click on sign in                                                        # com.BunnyCart.StepDefinition.Scenario5.user_click_on_sign_in()
  And User enters valid 'pagadamsathwika@gmail.com' email                          # com.BunnyCart.StepDefinition.Scenario3.user_enters_valid_email(java.lang.String)
  And User enters valid 'Sathwika@123' password                                    # com.BunnyCart.StepDefinition.Scenario3.user_enters_valid_password(java.lang.String)
  And User click on sign in button                                                 # com.BunnyCart.StepDefinition.Scenario3.user_click_on_sign_in_button()
  And User click on sign out button                                                # com.BunnyCart.StepDefinition.Scenario5.user_click_on_sign_out_button()
  And User closes the browser                                                      # com.BunnyCart.StepDefinition.Scenario1.user_closes_the_browser()
]]></system-out>
    <system-err><![CDATA[Mar 26, 2025 10:31:22 AM org.openqa.selenium.devtools.CdpVersionFinder findNearestMatch
WARNING: Unable to find an exact match for CDP version 134, returning the closest version; found: 133; Please update to a Selenium version that supports CDP version 134
]]></system-err>
  </testcase>
</testsuite>