<?xml version="1.0" encoding="UTF-8"?>
<testng-results ignored="0" total="2" passed="2" failed="0" skipped="0">
  <reporter-output>
  </reporter-output>
  <suite started-at="2025-03-26T10:25:09 IST" name="Default suite" finished-at="2025-03-26T10:25:47 IST" duration-ms="37392">
    <groups>
      <group name="cucumber">
        <method signature="AbstractTestNGCucumberTests.runScenario(io.cucumber.testng.PickleWrapper,io.cucumber.testng.FeatureWrapper)[pri:0, instance:com.BunnyCart.TestRunner.BunnyCartDemo1@7d7758be]" name="runScenario" class="io.cucumber.testng.AbstractTestNGCucumberTests"/>
      </group> <!-- cucumber -->
    </groups>
    <test started-at="2025-03-26T10:25:09 IST" name="Default test" finished-at="2025-03-26T10:25:47 IST" duration-ms="37392">
      <class name="com.BunnyCart.TestRunner.BunnyCartDemo1">
        <test-method is-config="true" signature="setUpClass(org.testng.ITestContext)[pri:0, instance:com.BunnyCart.TestRunner.BunnyCartDemo1@7d7758be]" started-at="2025-03-26T10:25:09 IST" name="setUpClass" finished-at="2025-03-26T10:25:10 IST" duration-ms="1007" status="PASS">
          <params>
            <param index="0">
              <value>
                <![CDATA[org.testng.TestRunner@5b733ef7]]>
              </value>
            </param>
          </params>
          <reporter-output>
          </reporter-output>
        </test-method> <!-- setUpClass -->
        <test-method signature="runScenario(io.cucumber.testng.PickleWrapper,io.cucumber.testng.FeatureWrapper)[pri:0, instance:com.BunnyCart.TestRunner.BunnyCartDemo1@7d7758be]" started-at="2025-03-26T10:25:10 IST" name="runScenario" description="Runs Cucumber Scenarios" data-provider="scenarios" finished-at="2025-03-26T10:25:33 IST" duration-ms="22811" status="PASS">
          <params>
            <param index="0">
              <value>
                <![CDATA["To check invalid data registration"]]>
              </value>
            </param>
            <param index="1">
              <value>
                <![CDATA["User Registration"]]>
              </value>
            </param>
          </params>
          <reporter-output>
          </reporter-output>
        </test-method> <!-- runScenario -->
        <test-method signature="runScenario(io.cucumber.testng.PickleWrapper,io.cucumber.testng.FeatureWrapper)[pri:0, instance:com.BunnyCart.TestRunner.BunnyCartDemo1@7d7758be]" started-at="2025-03-26T10:25:33 IST" name="runScenario" description="Runs Cucumber Scenarios" data-provider="scenarios" finished-at="2025-03-26T10:25:46 IST" duration-ms="13128" status="PASS">
          <params>
            <param index="0">
              <value>
                <![CDATA["To check User registration with valid data"]]>
              </value>
            </param>
            <param index="1">
              <value>
                <![CDATA["User Registration"]]>
              </value>
            </param>
          </params>
          <reporter-output>
          </reporter-output>
        </test-method> <!-- runScenario -->
        <test-method is-config="true" signature="tearDownClass()[pri:0, instance:com.BunnyCart.TestRunner.BunnyCartDemo1@7d7758be]" started-at="2025-03-26T10:25:46 IST" name="tearDownClass" finished-at="2025-03-26T10:25:47 IST" duration-ms="94" status="PASS">
          <reporter-output>
          </reporter-output>
        </test-method> <!-- tearDownClass -->
      </class> <!-- com.BunnyCart.TestRunner.BunnyCartDemo1 -->
    </test> <!-- Default test -->
  </suite> <!-- Default suite -->
</testng-results>
